app/build/intermediates/manifest_merge_blame_file/release/manifest-merger-blame-release-report.txt
1<?xml version="1.0" encoding="utf-8"?>
2<manifest xmlns:android="http://schemas.android.com/apk/res/android"
3    package="com.onlinepatch.SmartShare"
4    android:versionCode="1"
5    android:versionName="1.0" >
6
7    <uses-sdk
8        android:minSdkVersion="16"
8-->src\main\AndroidManifest.xml
9        android:targetSdkVersion="29" />
9-->src\main\AndroidManifest.xml
10
11    <uses-permission android:name="android.permission.ACCESS_WIFI_STATE" />
11-->src\main\AndroidManifest.xml:6:5-76
11-->src\main\AndroidManifest.xml:6:22-73
12    <uses-permission android:name="android.permission.ACCESS_NETWORK_STATE" />
12-->src\main\AndroidManifest.xml:7:5-79
12-->src\main\AndroidManifest.xml:7:22-76
13    <uses-permission android:name="android.permission.CHANGE_WIFI_STATE" />
13-->src\main\AndroidManifest.xml:8:5-76
13-->src\main\AndroidManifest.xml:8:22-73
14    <uses-permission android:name="android.permission.CHANGE_NETWORK_STATE" />
14-->src\main\AndroidManifest.xml:9:5-79
14-->src\main\AndroidManifest.xml:9:22-76
15    <uses-permission android:name="android.permission.INTERNET" />
15-->src\main\AndroidManifest.xml:10:5-67
15-->src\main\AndroidManifest.xml:10:22-64
16    <uses-permission android:name="android.permission.FOREGROUND_SERVICE" />
16-->src\main\AndroidManifest.xml:11:5-77
16-->src\main\AndroidManifest.xml:11:22-74
17    <uses-permission android:name="android.permission.READ_PHONE_STATE" />
17-->src\main\AndroidManifest.xml:12:5-75
17-->src\main\AndroidManifest.xml:12:22-72
18    <uses-permission android:name="android.permission.REQUEST_INSTALL_PACKAGES" />
18-->src\main\AndroidManifest.xml:13:5-83
18-->src\main\AndroidManifest.xml:13:22-80
19    <uses-permission android:name="android.permission.SYSTEM_ALERT_WINDOW" />
19-->src\main\AndroidManifest.xml:14:5-78
19-->src\main\AndroidManifest.xml:14:22-75
20    <uses-permission android:name="android.permission.WRITE_EXTERNAL_STORAGE" />
20-->src\main\AndroidManifest.xml:15:5-81
20-->src\main\AndroidManifest.xml:15:22-78
21    <uses-permission android:name="android.permission.WRITE_SETTINGS" />
21-->src\main\AndroidManifest.xml:16:5-17:47
21-->src\main\AndroidManifest.xml:16:22-70
22    <uses-permission android:name="android.permission.ACCESS_COARSE_LOCATION" />
22-->src\main\AndroidManifest.xml:18:5-81
22-->src\main\AndroidManifest.xml:18:22-78
23    <uses-permission android:name="android.permission.ACCESS_FINE_LOCATION" />
23-->src\main\AndroidManifest.xml:19:5-79
23-->src\main\AndroidManifest.xml:19:22-76
24    <uses-permission android:name="android.permission.VIBRATE" />
24-->src\main\AndroidManifest.xml:20:5-66
24-->src\main\AndroidManifest.xml:20:22-63
25    <uses-permission android:name="android.permission.WAKE_LOCK" />
25-->src\main\AndroidManifest.xml:22:5-68
25-->src\main\AndroidManifest.xml:22:22-65
26    <uses-permission android:name="android.permission.CAMERA" /> <!-- Don't require camera, as this requires a rear camera. This allows it to work on the Nexus 7 -->
26-->[com.velitasali.tools.android:zxing:3.6.3] AndroidManifest.xml:11:5-65
26-->[com.velitasali.tools.android:zxing:3.6.3] AndroidManifest.xml:11:22-62
27    <uses-feature
27-->[com.velitasali.tools.android:zxing:3.6.3] AndroidManifest.xml:14:5-16:36
28        android:name="android.hardware.camera"
28-->[com.velitasali.tools.android:zxing:3.6.3] AndroidManifest.xml:15:9-47
29        android:required="false" />
29-->[com.velitasali.tools.android:zxing:3.6.3] AndroidManifest.xml:16:9-33
30    <uses-feature
30-->[com.velitasali.tools.android:zxing:3.6.3] AndroidManifest.xml:17:5-19:36
31        android:name="android.hardware.camera.front"
31-->[com.velitasali.tools.android:zxing:3.6.3] AndroidManifest.xml:18:9-53
32        android:required="false" /> <!-- TODO replace above two with next line after Android 4.2 -->
32-->[com.velitasali.tools.android:zxing:3.6.3] AndroidManifest.xml:19:9-33
33    <!-- <uses-feature android:name="android.hardware.camera.any"/> -->
34    <uses-feature
34-->[com.velitasali.tools.android:zxing:3.6.3] AndroidManifest.xml:22:5-24:36
35        android:name="android.hardware.camera.autofocus"
35-->[com.velitasali.tools.android:zxing:3.6.3] AndroidManifest.xml:23:9-57
36        android:required="false" />
36-->[com.velitasali.tools.android:zxing:3.6.3] AndroidManifest.xml:24:9-33
37    <uses-feature
37-->[com.velitasali.tools.android:zxing:3.6.3] AndroidManifest.xml:25:5-27:36
38        android:name="android.hardware.camera.flash"
38-->[com.velitasali.tools.android:zxing:3.6.3] AndroidManifest.xml:26:9-53
39        android:required="false" />
39-->[com.velitasali.tools.android:zxing:3.6.3] AndroidManifest.xml:27:9-33
40    <uses-feature
40-->[com.velitasali.tools.android:zxing:3.6.3] AndroidManifest.xml:28:5-30:36
41        android:name="android.hardware.screen.landscape"
41-->[com.velitasali.tools.android:zxing:3.6.3] AndroidManifest.xml:29:9-57
42        android:required="false" />
42-->[com.velitasali.tools.android:zxing:3.6.3] AndroidManifest.xml:30:9-33
43    <uses-feature
43-->[com.velitasali.tools.android:zxing:3.6.3] AndroidManifest.xml:31:5-33:36
44        android:name="android.hardware.wifi"
44-->[com.velitasali.tools.android:zxing:3.6.3] AndroidManifest.xml:32:9-45
45        android:required="false" /> <!-- Create a unique permission for your app and use it so only your app can receive your OneSignal messages. -->
45-->[com.velitasali.tools.android:zxing:3.6.3] AndroidManifest.xml:33:9-33
46    <permission
46-->[com.onesignal:OneSignal:3.15.1] AndroidManifest.xml:7:5-9:47
47        android:name="com.onlinepatch.SmartShare.permission.C2D_MESSAGE"
47-->[com.onesignal:OneSignal:3.15.1] AndroidManifest.xml:8:9-63
48        android:protectionLevel="signature" />
48-->[com.onesignal:OneSignal:3.15.1] AndroidManifest.xml:9:9-44
49
50    <uses-permission android:name="com.onlinepatch.SmartShare.permission.C2D_MESSAGE" />
50-->[com.onesignal:OneSignal:3.15.1] AndroidManifest.xml:11:5-79
50-->[com.onesignal:OneSignal:3.15.1] AndroidManifest.xml:11:22-76
51    <uses-permission android:name="com.google.android.c2dm.permission.RECEIVE" />
51-->[com.onesignal:OneSignal:3.15.1] AndroidManifest.xml:17:5-82
51-->[com.onesignal:OneSignal:3.15.1] AndroidManifest.xml:17:22-79
52    <!--
53 Use to restore notifications the user hasn't interacted with.
54         They could be missed notifications if the user reboots their device if this isn't in place.
55    -->
56    <uses-permission android:name="android.permission.RECEIVE_BOOT_COMPLETED" /> <!-- START: ShortcutBadger -->
56-->[com.onesignal:OneSignal:3.15.1] AndroidManifest.xml:29:5-81
56-->[com.onesignal:OneSignal:3.15.1] AndroidManifest.xml:29:22-78
57    <!-- Samsung -->
58    <uses-permission android:name="com.sec.android.provider.badge.permission.READ" />
58-->[com.onesignal:OneSignal:3.15.1] AndroidManifest.xml:31:5-86
58-->[com.onesignal:OneSignal:3.15.1] AndroidManifest.xml:31:22-83
59    <uses-permission android:name="com.sec.android.provider.badge.permission.WRITE" /> <!-- HTC -->
59-->[com.onesignal:OneSignal:3.15.1] AndroidManifest.xml:32:5-87
59-->[com.onesignal:OneSignal:3.15.1] AndroidManifest.xml:32:22-84
60    <uses-permission android:name="com.htc.launcher.permission.READ_SETTINGS" />
60-->[com.onesignal:OneSignal:3.15.1] AndroidManifest.xml:33:5-81
60-->[com.onesignal:OneSignal:3.15.1] AndroidManifest.xml:33:22-78
61    <uses-permission android:name="com.htc.launcher.permission.UPDATE_SHORTCUT" /> <!-- Sony -->
61-->[com.onesignal:OneSignal:3.15.1] AndroidManifest.xml:34:5-83
61-->[com.onesignal:OneSignal:3.15.1] AndroidManifest.xml:34:22-80
62    <uses-permission android:name="com.sonyericsson.home.permission.BROADCAST_BADGE" />
62-->[com.onesignal:OneSignal:3.15.1] AndroidManifest.xml:35:5-88
62-->[com.onesignal:OneSignal:3.15.1] AndroidManifest.xml:35:22-85
63    <uses-permission android:name="com.sonymobile.home.permission.PROVIDER_INSERT_BADGE" /> <!-- Apex -->
63-->[com.onesignal:OneSignal:3.15.1] AndroidManifest.xml:36:5-92
63-->[com.onesignal:OneSignal:3.15.1] AndroidManifest.xml:36:22-89
64    <uses-permission android:name="com.anddoes.launcher.permission.UPDATE_COUNT" /> <!-- Solid -->
64-->[com.onesignal:OneSignal:3.15.1] AndroidManifest.xml:37:5-84
64-->[com.onesignal:OneSignal:3.15.1] AndroidManifest.xml:37:22-81
65    <uses-permission android:name="com.majeur.launcher.permission.UPDATE_BADGE" /> <!-- Huawei -->
65-->[com.onesignal:OneSignal:3.15.1] AndroidManifest.xml:38:5-83
65-->[com.onesignal:OneSignal:3.15.1] AndroidManifest.xml:38:22-80
66    <uses-permission android:name="com.huawei.android.launcher.permission.CHANGE_BADGE" />
66-->[com.onesignal:OneSignal:3.15.1] AndroidManifest.xml:39:5-91
66-->[com.onesignal:OneSignal:3.15.1] AndroidManifest.xml:39:22-88
67    <uses-permission android:name="com.huawei.android.launcher.permission.READ_SETTINGS" />
67-->[com.onesignal:OneSignal:3.15.1] AndroidManifest.xml:40:5-92
67-->[com.onesignal:OneSignal:3.15.1] AndroidManifest.xml:40:22-89
68    <uses-permission android:name="com.huawei.android.launcher.permission.WRITE_SETTINGS" /> <!-- ZUK -->
68-->[com.onesignal:OneSignal:3.15.1] AndroidManifest.xml:41:5-93
68-->[com.onesignal:OneSignal:3.15.1] AndroidManifest.xml:41:22-90
69    <uses-permission android:name="android.permission.READ_APP_BADGE" /> <!-- OPPO -->
69-->[com.onesignal:OneSignal:3.15.1] AndroidManifest.xml:42:5-73
69-->[com.onesignal:OneSignal:3.15.1] AndroidManifest.xml:42:22-70
70    <uses-permission android:name="com.oppo.launcher.permission.READ_SETTINGS" />
70-->[com.onesignal:OneSignal:3.15.1] AndroidManifest.xml:43:5-82
70-->[com.onesignal:OneSignal:3.15.1] AndroidManifest.xml:43:22-79
71    <uses-permission android:name="com.oppo.launcher.permission.WRITE_SETTINGS" /> <!-- EvMe -->
71-->[com.onesignal:OneSignal:3.15.1] AndroidManifest.xml:44:5-83
71-->[com.onesignal:OneSignal:3.15.1] AndroidManifest.xml:44:22-80
72    <uses-permission android:name="me.everything.badger.permission.BADGE_COUNT_READ" />
72-->[com.onesignal:OneSignal:3.15.1] AndroidManifest.xml:45:5-88
72-->[com.onesignal:OneSignal:3.15.1] AndroidManifest.xml:45:22-85
73    <uses-permission android:name="me.everything.badger.permission.BADGE_COUNT_WRITE" />
73-->[com.onesignal:OneSignal:3.15.1] AndroidManifest.xml:46:5-89
73-->[com.onesignal:OneSignal:3.15.1] AndroidManifest.xml:46:22-86
74
75    <application
75-->src\main\AndroidManifest.xml:24:5-222:19
76        android:name="com.onlinepatch.SmartShare.base.App"
76-->src\main\AndroidManifest.xml:25:9-59
77        android:allowBackup="true"
77-->src\main\AndroidManifest.xml:26:9-35
78        android:appComponentFactory="@string/app_name"
78-->src\main\AndroidManifest.xml:27:9-55
79        android:fullBackupContent="true"
79-->src\main\AndroidManifest.xml:28:9-41
80        android:icon="@mipmap/ic_launcher"
80-->src\main\AndroidManifest.xml:29:9-43
81        android:label="@string/app_name"
81-->src\main\AndroidManifest.xml:30:9-41
82        android:supportsRtl="true"
82-->src\main\AndroidManifest.xml:31:9-35
83        android:theme="@style/Theme.TBShare" >
83-->src\main\AndroidManifest.xml:32:9-45
84        <meta-data
84-->src\main\AndroidManifest.xml:36:9-38:69
85            android:name="com.google.android.gms.version"
85-->src\main\AndroidManifest.xml:37:13-58
86            android:value="@integer/google_play_services_version" />
86-->src\main\AndroidManifest.xml:38:13-66
87        <meta-data
87-->src\main\AndroidManifest.xml:39:9-41:52
88            android:name="com.google.android.gms.ads.APPLICATION_ID"
88-->src\main\AndroidManifest.xml:40:13-69
89            android:value="@string/admob_app_id" />
89-->src\main\AndroidManifest.xml:41:13-49
90
91        <activity
91-->src\main\AndroidManifest.xml:43:9-49:20
92            android:name="com.onlinepatch.SmartShare.activity.MainActivity"
92-->src\main\AndroidManifest.xml:44:13-76
93            android:label=""
93-->src\main\AndroidManifest.xml:45:13-29
94            android:launchMode="singleTask"
94-->src\main\AndroidManifest.xml:46:13-44
95            android:theme="@style/Theme.TBShare.NoActionBar" >
95-->src\main\AndroidManifest.xml:47:13-61
96        </activity>
97        <activity
97-->src\main\AndroidManifest.xml:50:9-66:20
98            android:name="com.onlinepatch.SmartShare.activity.ShareActivity"
98-->src\main\AndroidManifest.xml:51:13-77
99            android:label="@string/app_name"
99-->src\main\AndroidManifest.xml:52:13-45
100            android:theme="@style/Theme.TBShare.NoActionBar.StaticStatusBar" >
100-->src\main\AndroidManifest.xml:53:13-77
101            <intent-filter>
101-->src\main\AndroidManifest.xml:54:13-63:29
102                <action android:name="com.onlinepatch.SmartShare.intent.action.TBShare_SEND_TEXT" />
102-->src\main\AndroidManifest.xml:55:17-101
102-->src\main\AndroidManifest.xml:55:25-98
103                <action android:name="android.intent.action.SEND" />
103-->src\main\AndroidManifest.xml:56:17-69
103-->src\main\AndroidManifest.xml:56:25-66
104                <action android:name="android.intent.action.SEND_MULTIPLE" />
104-->src\main\AndroidManifest.xml:57:17-78
104-->src\main\AndroidManifest.xml:57:25-75
105                <action android:name="com.onlinepatch.SmartShare.intent.action.TBShare_SEND" />
105-->src\main\AndroidManifest.xml:58:17-96
105-->src\main\AndroidManifest.xml:58:25-93
106                <action android:name="com.onlinepatch.SmartShare.intent.action.TBShare_SEND_MULTIPLE" />
106-->src\main\AndroidManifest.xml:59:17-105
106-->src\main\AndroidManifest.xml:59:25-102
107
108                <category android:name="android.intent.category.DEFAULT" />
108-->src\main\AndroidManifest.xml:61:17-76
108-->src\main\AndroidManifest.xml:61:27-73
109
110                <data android:mimeType="*/*" />
110-->src\main\AndroidManifest.xml:62:17-48
110-->src\main\AndroidManifest.xml:62:23-45
111            </intent-filter>
112        </activity>
113        <activity
113-->src\main\AndroidManifest.xml:68:9-71:80
114            android:name="com.onlinepatch.SmartShare.activity.AddDevicesToTransferActivity"
114-->src\main\AndroidManifest.xml:69:13-92
115            android:label="@string/text_addDevicesToTransfer"
115-->src\main\AndroidManifest.xml:70:13-62
116            android:theme="@style/Theme.TBShare.NoActionBar.StaticStatusBar" />
116-->src\main\AndroidManifest.xml:71:13-77
117        <activity
117-->src\main\AndroidManifest.xml:73:9-76:80
118            android:name="com.onlinepatch.SmartShare.activity.FileExplorerActivity"
118-->src\main\AndroidManifest.xml:74:13-84
119            android:label="@string/text_fileExplorer"
119-->src\main\AndroidManifest.xml:75:13-54
120            android:theme="@style/Theme.TBShare.NoActionBar.StaticStatusBar" />
120-->src\main\AndroidManifest.xml:76:13-77
121        <activity
121-->src\main\AndroidManifest.xml:78:9-81:80
122            android:name="com.onlinepatch.SmartShare.activity.ConnectionManagerActivity"
122-->src\main\AndroidManifest.xml:79:13-89
123            android:label="@string/text_connectDevices"
123-->src\main\AndroidManifest.xml:80:13-56
124            android:theme="@style/Theme.TBShare.NoActionBar.StaticStatusBar" />
124-->src\main\AndroidManifest.xml:81:13-77
125        <activity
125-->src\main\AndroidManifest.xml:83:9-87:80
126            android:name="com.onlinepatch.SmartShare.activity.ContentSharingActivity"
126-->src\main\AndroidManifest.xml:84:13-86
127            android:label="@string/text_send"
127-->src\main\AndroidManifest.xml:85:13-46
128            android:launchMode="singleTask"
128-->src\main\AndroidManifest.xml:86:13-44
129            android:theme="@style/Theme.TBShare.NoActionBar.StaticStatusBar" />
129-->src\main\AndroidManifest.xml:87:13-77
130        <activity
130-->src\main\AndroidManifest.xml:89:9-91:57
131            android:name="com.onlinepatch.SmartShare.activity.FilePickerActivity"
131-->src\main\AndroidManifest.xml:90:13-82
132            android:label="@string/text_fileExplorer" />
132-->src\main\AndroidManifest.xml:91:13-54
133        <activity
133-->src\main\AndroidManifest.xml:93:9-111:20
134            android:name="com.onlinepatch.SmartShare.activity.ViewTransferActivity"
134-->src\main\AndroidManifest.xml:94:13-84
135            android:label="@string/text_transactionViewer"
135-->src\main\AndroidManifest.xml:95:13-59
136            android:theme="@style/Theme.TBShare.NoActionBar.StaticStatusBar" >
136-->src\main\AndroidManifest.xml:96:13-77
137            <intent-filter>
137-->src\main\AndroidManifest.xml:97:13-110:29
138                <action android:name="android.intent.action.VIEW" />
138-->src\main\AndroidManifest.xml:98:17-69
138-->src\main\AndroidManifest.xml:98:25-66
139
140                <category android:name="android.intent.category.DEFAULT" />
140-->src\main\AndroidManifest.xml:61:17-76
140-->src\main\AndroidManifest.xml:61:27-73
141                <category android:name="android.intent.category.BROWSABLE" />
141-->src\main\AndroidManifest.xml:101:17-78
141-->src\main\AndroidManifest.xml:101:27-75
142
143                <data android:scheme="file" />
143-->src\main\AndroidManifest.xml:62:17-48
143-->src\main\AndroidManifest.xml:103:23-44
144                <data android:scheme="content" />
144-->src\main\AndroidManifest.xml:62:17-48
144-->src\main\AndroidManifest.xml:103:23-44
145                <data android:mimeType="*/*" />
145-->src\main\AndroidManifest.xml:62:17-48
145-->src\main\AndroidManifest.xml:62:23-45
146                <data android:host="*" />
146-->src\main\AndroidManifest.xml:62:17-48
146-->src\main\AndroidManifest.xml:107:23-39
147                <data android:pathPattern=".*\\.tshare" />
147-->src\main\AndroidManifest.xml:62:17-48
147-->src\main\AndroidManifest.xml:108:23-56
148                <data android:pathPattern=".*\\..*\\.tshare" />
148-->src\main\AndroidManifest.xml:62:17-48
148-->src\main\AndroidManifest.xml:108:23-56
149            </intent-filter>
150        </activity>
151        <activity
151-->src\main\AndroidManifest.xml:113:9-116:63
152            android:name="com.onlinepatch.SmartShare.activity.ManageDevicesActivity"
152-->src\main\AndroidManifest.xml:114:13-85
153            android:label="@string/text_manageDevices"
153-->src\main\AndroidManifest.xml:115:13-55
154            android:theme="@style/Theme.TBShare.NoActionBar" />
154-->src\main\AndroidManifest.xml:116:13-61
155        <activity
155-->src\main\AndroidManifest.xml:118:9-120:51
156            android:name="com.onlinepatch.SmartShare.activity.SearchActivity"
156-->src\main\AndroidManifest.xml:119:13-78
157            android:label="@string/butn_search" />
157-->src\main\AndroidManifest.xml:120:13-48
158        <activity
158-->src\main\AndroidManifest.xml:122:9-124:55
159            android:name="com.onlinepatch.SmartShare.activity.TextEditorActivity"
159-->src\main\AndroidManifest.xml:123:13-82
160            android:label="@string/text_textEditor" />
160-->src\main\AndroidManifest.xml:124:13-52
161        <activity
161-->src\main\AndroidManifest.xml:126:9-133:20
162            android:name="com.onlinepatch.SmartShare.activity.ChangeStoragePathActivity"
162-->src\main\AndroidManifest.xml:127:13-89
163            android:theme="@style/Base.Theme.AppCompat.Dialog" >
163-->src\main\AndroidManifest.xml:128:13-63
164            <intent-filter>
164-->src\main\AndroidManifest.xml:129:13-132:29
165                <action android:name="com.onlinepatch.SmartShare.intent.action.UPDATE_STORAGE_PATH" />
165-->src\main\AndroidManifest.xml:130:17-103
165-->src\main\AndroidManifest.xml:130:25-100
166
167                <category android:name="android.intent.category.DEFAULT" />
167-->src\main\AndroidManifest.xml:61:17-76
167-->src\main\AndroidManifest.xml:61:27-73
168            </intent-filter>
169        </activity>
170        <activity
170-->src\main\AndroidManifest.xml:135:9-138:75
171            android:name="com.onlinepatch.SmartShare.activity.BarcodeScannerActivity"
171-->src\main\AndroidManifest.xml:136:13-86
172            android:label="@string/text_scanQrCode"
172-->src\main\AndroidManifest.xml:137:13-52
173            android:theme="@style/Theme.TBShare.BarcodeScannerActivity" />
173-->src\main\AndroidManifest.xml:138:13-72
174        <activity
174-->src\main\AndroidManifest.xml:140:9-150:20
175            android:name="com.onlinepatch.SmartShare.activity.SplashActivity"
175-->src\main\AndroidManifest.xml:141:13-78
176            android:label="@string/app_name"
176-->src\main\AndroidManifest.xml:142:13-45
177            android:theme="@style/Theme.TBShare.NoActionBar" >
177-->src\main\AndroidManifest.xml:143:13-61
178            <intent-filter>
178-->src\main\AndroidManifest.xml:145:13-148:29
179                <action android:name="android.intent.action.MAIN" />
179-->src\main\AndroidManifest.xml:146:17-69
179-->src\main\AndroidManifest.xml:146:25-66
180
181                <category android:name="android.intent.category.LAUNCHER" />
181-->src\main\AndroidManifest.xml:147:17-77
181-->src\main\AndroidManifest.xml:147:27-74
182            </intent-filter>
183        </activity>
184        <activity
184-->src\main\AndroidManifest.xml:151:9-153:63
185            android:name="com.onlinepatch.SmartShare.activity.WebShareActivity"
185-->src\main\AndroidManifest.xml:151:19-86
186            android:label="Web Share"
186-->src\main\AndroidManifest.xml:152:13-38
187            android:theme="@style/Theme.TBShare.NoActionBar" />
187-->src\main\AndroidManifest.xml:153:13-61
188        <activity
188-->src\main\AndroidManifest.xml:154:9-156:63
189            android:name="com.onlinepatch.SmartShare.activity.HistoryActivity"
189-->src\main\AndroidManifest.xml:154:19-85
190            android:label=""
190-->src\main\AndroidManifest.xml:155:13-29
191            android:theme="@style/Theme.TBShare.NoActionBar" />
191-->src\main\AndroidManifest.xml:156:13-61
192        <activity
192-->src\main\AndroidManifest.xml:157:9-159:63
193            android:name="com.onlinepatch.SmartShare.activity.InviteActivity"
193-->src\main\AndroidManifest.xml:157:19-84
194            android:label=""
194-->src\main\AndroidManifest.xml:158:13-29
195            android:theme="@style/Theme.TBShare.NoActionBar" />
195-->src\main\AndroidManifest.xml:159:13-61
196
197        <provider
198            android:name="androidx.core.content.FileProvider"
198-->src\main\AndroidManifest.xml:162:13-62
199            android:authorities="com.onlinepatch.SmartShare.fileprovider"
199-->src\main\AndroidManifest.xml:163:13-64
200            android:exported="false"
200-->src\main\AndroidManifest.xml:164:13-37
201            android:grantUriPermissions="true" >
201-->src\main\AndroidManifest.xml:165:13-47
202            <meta-data
202-->src\main\AndroidManifest.xml:166:13-168:58
203                android:name="android.support.FILE_PROVIDER_PATHS"
203-->src\main\AndroidManifest.xml:167:17-67
204                android:resource="@xml/provider_paths" />
204-->src\main\AndroidManifest.xml:168:17-55
205        </provider>
206
207        <receiver
207-->src\main\AndroidManifest.xml:171:9-180:20
208            android:name="com.onlinepatch.SmartShare.receiver.NetworkStatusReceiver"
208-->src\main\AndroidManifest.xml:172:13-85
209            android:process=":transfer" >
209-->src\main\AndroidManifest.xml:173:13-40
210            <intent-filter>
210-->src\main\AndroidManifest.xml:174:13-179:29
211                <action android:name="android.net.wifi.WIFI_STATE_CHANGED" />
211-->src\main\AndroidManifest.xml:175:17-78
211-->src\main\AndroidManifest.xml:175:25-75
212                <action android:name="android.net.wifi.WIFI_AP_STATE_CHANGED" />
212-->src\main\AndroidManifest.xml:176:17-81
212-->src\main\AndroidManifest.xml:176:25-78
213                <action android:name="android.net.wifi.STATE_CHANGE" />
213-->src\main\AndroidManifest.xml:177:17-72
213-->src\main\AndroidManifest.xml:177:25-69
214                <action android:name="android.net.wifi.p2p.CONNECTION_STATE_CHANGE" />
214-->src\main\AndroidManifest.xml:178:17-87
214-->src\main\AndroidManifest.xml:178:25-84
215            </intent-filter>
216        </receiver>
217        <receiver
217-->src\main\AndroidManifest.xml:181:9-183:43
218            android:name="com.onlinepatch.SmartShare.receiver.DialogEventReceiver"
218-->src\main\AndroidManifest.xml:182:13-83
219            android:process=":transfer" />
219-->src\main\AndroidManifest.xml:183:13-40
220
221        <service
221-->src\main\AndroidManifest.xml:185:9-189:43
222            android:name="com.onlinepatch.SmartShare.service.CommunicationService"
222-->src\main\AndroidManifest.xml:186:13-83
223            android:enabled="true"
223-->src\main\AndroidManifest.xml:187:13-35
224            android:label="@string/text_communicationService"
224-->src\main\AndroidManifest.xml:188:13-62
225            android:process=":transfer" />
225-->src\main\AndroidManifest.xml:189:13-40
226        <service
226-->src\main\AndroidManifest.xml:191:9-198:19
227            android:name="com.onlinepatch.SmartShare.service.DeviceChooserService"
227-->src\main\AndroidManifest.xml:192:13-83
228            android:label="@string/text_chooserTargetService"
228-->src\main\AndroidManifest.xml:193:13-62
229            android:permission="android.permission.BIND_CHOOSER_TARGET_SERVICE" >
229-->src\main\AndroidManifest.xml:194:13-80
230            <intent-filter>
230-->src\main\AndroidManifest.xml:195:13-197:29
231                <action android:name="android.service.chooser.ChooserTargetService" />
231-->src\main\AndroidManifest.xml:196:17-87
231-->src\main\AndroidManifest.xml:196:25-84
232            </intent-filter>
233        </service>
234        <service android:name="com.onlinepatch.SmartShare.service.DeviceScannerService" >
234-->src\main\AndroidManifest.xml:199:9-206:19
234-->src\main\AndroidManifest.xml:199:18-88
235            <intent-filter>
235-->src\main\AndroidManifest.xml:200:13-205:29
236                <action android:name="com.onlinepatch.SmartShare.intent.action.SCAN_DEVICES" />
236-->src\main\AndroidManifest.xml:201:17-96
236-->src\main\AndroidManifest.xml:201:25-93
237                <action android:name="com.onlinepatch.SmartShare.intent.action.ADD_IP" />
237-->src\main\AndroidManifest.xml:202:17-90
237-->src\main\AndroidManifest.xml:202:25-87
238
239                <category android:name="android.intent.category.DEFAULT" />
239-->src\main\AndroidManifest.xml:61:17-76
239-->src\main\AndroidManifest.xml:61:27-73
240            </intent-filter>
241        </service>
242        <service
242-->src\main\AndroidManifest.xml:208:9-210:58
243            android:name="com.onlinepatch.SmartShare.service.WorkerService"
243-->src\main\AndroidManifest.xml:209:13-76
244            android:label="@string/text_workerService" />
244-->src\main\AndroidManifest.xml:210:13-55
245        <service
245-->src\main\AndroidManifest.xml:212:9-221:19
246            android:name="com.onlinepatch.SmartShare.service.CommunicationToggleTile"
246-->src\main\AndroidManifest.xml:213:13-86
247            android:icon="@mipmap/ic_launcher"
247-->src\main\AndroidManifest.xml:214:13-47
248            android:label="@string/text_shareFiles"
248-->src\main\AndroidManifest.xml:215:13-52
249            android:permission="android.permission.BIND_QUICK_SETTINGS_TILE"
249-->src\main\AndroidManifest.xml:216:13-77
250            android:process=":transfer" >
250-->src\main\AndroidManifest.xml:217:13-40
251            <intent-filter>
251-->src\main\AndroidManifest.xml:218:13-220:29
252                <action android:name="android.service.quicksettings.action.QS_TILE" />
252-->src\main\AndroidManifest.xml:219:17-87
252-->src\main\AndroidManifest.xml:219:25-84
253            </intent-filter>
254        </service>
255
256        <activity
256-->[com.velitasali.tools.android:zxing:3.6.3] AndroidManifest.xml:36:9-42:63
257            android:name="com.journeyapps.barcodescanner.CaptureActivity"
257-->[com.velitasali.tools.android:zxing:3.6.3] AndroidManifest.xml:37:13-74
258            android:clearTaskOnLaunch="true"
258-->[com.velitasali.tools.android:zxing:3.6.3] AndroidManifest.xml:38:13-45
259            android:screenOrientation="sensorLandscape"
259-->[com.velitasali.tools.android:zxing:3.6.3] AndroidManifest.xml:39:13-56
260            android:stateNotNeeded="true"
260-->[com.velitasali.tools.android:zxing:3.6.3] AndroidManifest.xml:40:13-42
261            android:theme="@style/zxing_CaptureTheme"
261-->[com.velitasali.tools.android:zxing:3.6.3] AndroidManifest.xml:41:13-54
262            android:windowSoftInputMode="stateAlwaysHidden" />
262-->[com.velitasali.tools.android:zxing:3.6.3] AndroidManifest.xml:42:13-60
263
264        <meta-data
264-->[com.onesignal:OneSignal:3.15.1] AndroidManifest.xml:49:9-51:51
265            android:name="onesignal_app_id"
265-->[com.onesignal:OneSignal:3.15.1] AndroidManifest.xml:50:13-44
266            android:value="Your OneSignal ID" /> <!-- Deprecated - Pulled from OneSignal dashboard. -->
266-->[com.onesignal:OneSignal:3.15.1] AndroidManifest.xml:51:13-48
267        <meta-data
267-->[com.onesignal:OneSignal:3.15.1] AndroidManifest.xml:53:9-55:70
268            android:name="onesignal_google_project_number"
268-->[com.onesignal:OneSignal:3.15.1] AndroidManifest.xml:54:13-59
269            android:value="str:REMOTE" />
269-->[com.onesignal:OneSignal:3.15.1] AndroidManifest.xml:55:13-67
270
271        <receiver
271-->[com.onesignal:OneSignal:3.15.1] AndroidManifest.xml:57:9-67:20
272            android:name="com.onesignal.GcmBroadcastReceiver"
272-->[com.onesignal:OneSignal:3.15.1] AndroidManifest.xml:58:13-62
273            android:permission="com.google.android.c2dm.permission.SEND" >
273-->[com.onesignal:OneSignal:3.15.1] AndroidManifest.xml:59:13-73
274
275            <!-- High priority so OneSignal payloads can be filtered from other GCM receivers if filterOtherGCMReceivers is enabled. -->
276            <intent-filter android:priority="999" >